CRITICAL - 2022-12-15 00:41:48 --> Call to undefined function form_open()
in APPPATH\Views\index.php on line 20.
 1 SYSTEMPATH\View\View.php(213): include()
 2 SYSTEMPATH\View\View.php(216): CodeIgniter\View\View->CodeIgniter\View\{closure}()
 3 SYSTEMPATH\Common.php(1134): CodeIgniter\View\View->render('index', [], true)
 4 APPPATH\Controllers\Home.php(9): view('index')
 5 SYSTEMPATH\CodeIgniter.php(927): App\Controllers\Home->index()
 6 SYSTEMPATH\CodeIgniter.php(482): CodeIgniter\CodeIgniter->runController(Object(App\Controllers\Home))
 7 SYSTEMPATH\CodeIgniter.php(351): CodeIgniter\CodeIgniter->handleRequest(null, Object(Config\Cache), false)
 8 FCPATH\index.php(67): CodeIgniter\CodeIgniter->run()
CRITICAL - 2022-12-15 05:19:23 --> syntax error, unexpected identifier "x58"
in APPPATH\Controllers\Home.php(17) : eval()'d code on line 1.
 1 SYSTEMPATH\CodeIgniter.php(927): App\Controllers\Home->save()
 2 SYSTEMPATH\CodeIgniter.php(482): CodeIgniter\CodeIgniter->runController(Object(App\Controllers\Home))
 3 SYSTEMPATH\CodeIgniter.php(351): CodeIgniter\CodeIgniter->handleRequest(null, Object(Config\Cache), false)
 4 FCPATH\index.php(104): CodeIgniter\CodeIgniter->run()
CRITICAL - 2022-12-15 05:19:44 --> syntax error, unexpected identifier "x58"
in APPPATH\Controllers\Home.php(17) : eval()'d code on line 1.
 1 SYSTEMPATH\CodeIgniter.php(927): App\Controllers\Home->save()
 2 SYSTEMPATH\CodeIgniter.php(482): CodeIgniter\CodeIgniter->runController(Object(App\Controllers\Home))
 3 SYSTEMPATH\CodeIgniter.php(351): CodeIgniter\CodeIgniter->handleRequest(null, Object(Config\Cache), false)
 4 FCPATH\index.php(104): CodeIgniter\CodeIgniter->run()
CRITICAL - 2022-12-15 05:21:05 --> syntax error, unexpected identifier "x58", expecting ";"
in APPPATH\Controllers\Home.php(17) : eval()'d code on line 1.
 1 SYSTEMPATH\CodeIgniter.php(927): App\Controllers\Home->save()
 2 SYSTEMPATH\CodeIgniter.php(482): CodeIgniter\CodeIgniter->runController(Object(App\Controllers\Home))
 3 SYSTEMPATH\CodeIgniter.php(351): CodeIgniter\CodeIgniter->handleRequest(null, Object(Config\Cache), false)
 4 FCPATH\index.php(104): CodeIgniter\CodeIgniter->run()
CRITICAL - 2022-12-15 05:26:09 --> Cannot call constructor
in APPPATH\Controllers\Home.php on line 11.
 1 SYSTEMPATH\CodeIgniter.php(889): App\Controllers\Home->__construct()
 2 SYSTEMPATH\CodeIgniter.php(473): CodeIgniter\CodeIgniter->createController()
 3 SYSTEMPATH\CodeIgniter.php(351): CodeIgniter\CodeIgniter->handleRequest(null, Object(Config\Cache), false)
 4 FCPATH\index.php(104): CodeIgniter\CodeIgniter->run()
CRITICAL - 2022-12-15 05:27:34 --> Class "App\Models\Common_model" not found
in APPPATH\Controllers\Home.php on line 12.
 1 SYSTEMPATH\CodeIgniter.php(889): App\Controllers\Home->__construct()
 2 SYSTEMPATH\CodeIgniter.php(473): CodeIgniter\CodeIgniter->createController()
 3 SYSTEMPATH\CodeIgniter.php(351): CodeIgniter\CodeIgniter->handleRequest(null, Object(Config\Cache), false)
 4 FCPATH\index.php(104): CodeIgniter\CodeIgniter->run()
CRITICAL - 2022-12-15 05:42:15 --> syntax error, unexpected token ")"
in APPPATH\Controllers\Home.php on line 26.
 1 SYSTEMPATH\Autoloader\Autoloader.php(259): CodeIgniter\Autoloader\Autoloader->includeFile('APPPATH\\Controllers\\Home.php')
 2 SYSTEMPATH\Autoloader\Autoloader.php(237): CodeIgniter\Autoloader\Autoloader->loadInNamespace('App\\Controllers\\Home')
 3 [internal function]: CodeIgniter\Autoloader\Autoloader->loadClass('App\\Controllers\\Home')
 4 SYSTEMPATH\CodeIgniter.php(877): class_exists('\\App\\Controllers\\Home', true)
 5 SYSTEMPATH\CodeIgniter.php(469): CodeIgniter\CodeIgniter->startController()
 6 SYSTEMPATH\CodeIgniter.php(351): CodeIgniter\CodeIgniter->handleRequest(null, Object(Config\Cache), false)
 7 FCPATH\index.php(104): CodeIgniter\CodeIgniter->run()
CRITICAL - 2022-12-15 05:42:31 --> syntax error, unexpected token ";", expecting ")"
in APPPATH\Controllers\Home.php on line 29.
 1 SYSTEMPATH\Autoloader\Autoloader.php(259): CodeIgniter\Autoloader\Autoloader->includeFile('APPPATH\\Controllers\\Home.php')
 2 SYSTEMPATH\Autoloader\Autoloader.php(237): CodeIgniter\Autoloader\Autoloader->loadInNamespace('App\\Controllers\\Home')
 3 [internal function]: CodeIgniter\Autoloader\Autoloader->loadClass('App\\Controllers\\Home')
 4 SYSTEMPATH\CodeIgniter.php(877): class_exists('\\App\\Controllers\\Home', true)
 5 SYSTEMPATH\CodeIgniter.php(469): CodeIgniter\CodeIgniter->startController()
 6 SYSTEMPATH\CodeIgniter.php(351): CodeIgniter\CodeIgniter->handleRequest(null, Object(Config\Cache), false)
 7 FCPATH\index.php(104): CodeIgniter\CodeIgniter->run()
CRITICAL - 2022-12-15 05:42:40 --> Undefined variable $display
in APPPATH\Controllers\Home.php on line 24.
 1 APPPATH\Controllers\Home.php(24): CodeIgniter\Debug\Exceptions->errorHandler(2, 'Undefined variable $display', 'APPPATH\\Controllers\\Home.php', 24)
 2 SYSTEMPATH\CodeIgniter.php(927): App\Controllers\Home->save()
 3 SYSTEMPATH\CodeIgniter.php(482): CodeIgniter\CodeIgniter->runController(Object(App\Controllers\Home))
 4 SYSTEMPATH\CodeIgniter.php(351): CodeIgniter\CodeIgniter->handleRequest(null, Object(Config\Cache), false)
 5 FCPATH\index.php(104): CodeIgniter\CodeIgniter->run()
CRITICAL - 2022-12-15 05:42:49 --> You must set the database table to be used with your query.
in SYSTEMPATH\Database\BaseConnection.php on line 845.
 1 SYSTEMPATH\Model.php(587): CodeIgniter\Database\BaseConnection->table(null)
 2 SYSTEMPATH\Model.php(735): CodeIgniter\Model->builder()
 3 APPPATH\Controllers\Home.php(25): CodeIgniter\Model->__get('get_count')
 4 SYSTEMPATH\CodeIgniter.php(927): App\Controllers\Home->save()
 5 SYSTEMPATH\CodeIgniter.php(482): CodeIgniter\CodeIgniter->runController(Object(App\Controllers\Home))
 6 SYSTEMPATH\CodeIgniter.php(351): CodeIgniter\CodeIgniter->handleRequest(null, Object(Config\Cache), false)
 7 FCPATH\index.php(104): CodeIgniter\CodeIgniter->run()
CRITICAL - 2022-12-15 05:44:16 --> You must set the database table to be used with your query.
in SYSTEMPATH\Database\BaseConnection.php on line 845.
 1 SYSTEMPATH\Model.php(587): CodeIgniter\Database\BaseConnection->table(null)
 2 SYSTEMPATH\Model.php(735): CodeIgniter\Model->builder()
 3 APPPATH\Controllers\Home.php(25): CodeIgniter\Model->__get('get_count')
 4 SYSTEMPATH\CodeIgniter.php(927): App\Controllers\Home->save()
 5 SYSTEMPATH\CodeIgniter.php(482): CodeIgniter\CodeIgniter->runController(Object(App\Controllers\Home))
 6 SYSTEMPATH\CodeIgniter.php(351): CodeIgniter\CodeIgniter->handleRequest(null, Object(Config\Cache), false)
 7 FCPATH\index.php(104): CodeIgniter\CodeIgniter->run()
CRITICAL - 2022-12-15 05:45:06 --> You must set the database table to be used with your query.
in SYSTEMPATH\Database\BaseConnection.php on line 845.
 1 SYSTEMPATH\Model.php(587): CodeIgniter\Database\BaseConnection->table(null)
 2 SYSTEMPATH\Model.php(735): CodeIgniter\Model->builder()
 3 APPPATH\Controllers\Home.php(25): CodeIgniter\Model->__get('get_count')
 4 SYSTEMPATH\CodeIgniter.php(927): App\Controllers\Home->save()
 5 SYSTEMPATH\CodeIgniter.php(482): CodeIgniter\CodeIgniter->runController(Object(App\Controllers\Home))
 6 SYSTEMPATH\CodeIgniter.php(351): CodeIgniter\CodeIgniter->handleRequest(null, Object(Config\Cache), false)
 7 FCPATH\index.php(104): CodeIgniter\CodeIgniter->run()
CRITICAL - 2022-12-15 05:53:34 --> Undefined variable $insertColumn
in APPPATH\Models\Common_model.php on line 24.
 1 APPPATH\Models\Common_model.php(24): CodeIgniter\Debug\Exceptions->errorHandler(2, 'Undefined variable $insertColumn', 'APPPATH\\Models\\Common_model.php', 24)
 2 APPPATH\Controllers\Home.php(27): App\Models\Common_model->build_query('{\\"321+3\\":324}')
 3 SYSTEMPATH\CodeIgniter.php(927): App\Controllers\Home->save()
 4 SYSTEMPATH\CodeIgniter.php(482): CodeIgniter\CodeIgniter->runController(Object(App\Controllers\Home))
 5 SYSTEMPATH\CodeIgniter.php(351): CodeIgniter\CodeIgniter->handleRequest(null, Object(Config\Cache), false)
 6 FCPATH\index.php(104): CodeIgniter\CodeIgniter->run()
ERROR - 2022-12-15 05:54:14 --> mysqli_sql_exception: You have an error in your SQL syntax; check the manual that corresponds to your MariaDB server version for the right syntax to use near '\"321+3\":324})' at line 1 in K:\xampp_8\htdocs\calculator\system\Database\MySQLi\Connection.php:292
Stack trace:
#0 K:\xampp_8\htdocs\calculator\system\Database\MySQLi\Connection.php(292): mysqli->query('INSERT INTO cr_...', 0)
#1 K:\xampp_8\htdocs\calculator\system\Database\BaseConnection.php(666): CodeIgniter\Database\MySQLi\Connection->execute('INSERT INTO cr_...')
#2 K:\xampp_8\htdocs\calculator\system\Database\BaseConnection.php(593): CodeIgniter\Database\BaseConnection->simpleQuery('INSERT INTO cr_...')
#3 K:\xampp_8\htdocs\calculator\app\Models\Common_model.php(25): CodeIgniter\Database\BaseConnection->query('INSERT INTO cr_...')
#4 K:\xampp_8\htdocs\calculator\app\Controllers\Home.php(27): App\Models\Common_model->build_query('{\\"321+3\\":324}')
#5 K:\xampp_8\htdocs\calculator\system\CodeIgniter.php(927): App\Controllers\Home->save()
#6 K:\xampp_8\htdocs\calculator\system\CodeIgniter.php(482): CodeIgniter\CodeIgniter->runController(Object(App\Controllers\Home))
#7 K:\xampp_8\htdocs\calculator\system\CodeIgniter.php(351): CodeIgniter\CodeIgniter->handleRequest(NULL, Object(Config\Cache), false)
#8 K:\xampp_8\htdocs\calculator\index.php(104): CodeIgniter\CodeIgniter->run()
#9 {main}
CRITICAL - 2022-12-15 05:54:14 --> You have an error in your SQL syntax; check the manual that corresponds to your MariaDB server version for the right syntax to use near '\"321+3\":324})' at line 1
in SYSTEMPATH\Database\MySQLi\Connection.php on line 292.
 1 SYSTEMPATH\Database\MySQLi\Connection.php(292): mysqli->query('INSERT INTO cr_history (`string`) VALUES ({\\"321+3\\":324});', 0)
 2 SYSTEMPATH\Database\BaseConnection.php(666): CodeIgniter\Database\MySQLi\Connection->execute('INSERT INTO cr_history (`string`) VALUES ({\\"321+3\\":324});')
 3 SYSTEMPATH\Database\BaseConnection.php(593): CodeIgniter\Database\BaseConnection->simpleQuery('INSERT INTO cr_history (`string`) VALUES ({\\"321+3\\":324});')
 4 APPPATH\Models\Common_model.php(25): CodeIgniter\Database\BaseConnection->query('INSERT INTO cr_history (`string`) VALUES ({\\"321+3\\":324});')
 5 APPPATH\Controllers\Home.php(27): App\Models\Common_model->build_query('{\\"321+3\\":324}')
 6 SYSTEMPATH\CodeIgniter.php(927): App\Controllers\Home->save()
 7 SYSTEMPATH\CodeIgniter.php(482): CodeIgniter\CodeIgniter->runController(Object(App\Controllers\Home))
 8 SYSTEMPATH\CodeIgniter.php(351): CodeIgniter\CodeIgniter->handleRequest(null, Object(Config\Cache), false)
 9 FCPATH\index.php(104): CodeIgniter\CodeIgniter->run()
ERROR - 2022-12-15 05:54:40 --> mysqli_sql_exception: You have an error in your SQL syntax; check the manual that corresponds to your MariaDB server version for the right syntax to use near '\"321+3\":324})' at line 1 in K:\xampp_8\htdocs\calculator\system\Database\MySQLi\Connection.php:292
Stack trace:
#0 K:\xampp_8\htdocs\calculator\system\Database\MySQLi\Connection.php(292): mysqli->query('INSERT INTO cr_...', 0)
#1 K:\xampp_8\htdocs\calculator\system\Database\BaseConnection.php(666): CodeIgniter\Database\MySQLi\Connection->execute('INSERT INTO cr_...')
#2 K:\xampp_8\htdocs\calculator\system\Database\BaseConnection.php(593): CodeIgniter\Database\BaseConnection->simpleQuery('INSERT INTO cr_...')
#3 K:\xampp_8\htdocs\calculator\app\Models\Common_model.php(25): CodeIgniter\Database\BaseConnection->query('INSERT INTO cr_...')
#4 K:\xampp_8\htdocs\calculator\app\Controllers\Home.php(27): App\Models\Common_model->build_query('{\\"321+3\\":324}')
#5 K:\xampp_8\htdocs\calculator\system\CodeIgniter.php(927): App\Controllers\Home->save()
#6 K:\xampp_8\htdocs\calculator\system\CodeIgniter.php(482): CodeIgniter\CodeIgniter->runController(Object(App\Controllers\Home))
#7 K:\xampp_8\htdocs\calculator\system\CodeIgniter.php(351): CodeIgniter\CodeIgniter->handleRequest(NULL, Object(Config\Cache), false)
#8 K:\xampp_8\htdocs\calculator\index.php(104): CodeIgniter\CodeIgniter->run()
#9 {main}
CRITICAL - 2022-12-15 05:54:40 --> You have an error in your SQL syntax; check the manual that corresponds to your MariaDB server version for the right syntax to use near '\"321+3\":324})' at line 1
in SYSTEMPATH\Database\MySQLi\Connection.php on line 292.
 1 SYSTEMPATH\Database\MySQLi\Connection.php(292): mysqli->query('INSERT INTO cr_history (`string`) VALUES ({\\"321+3\\":324});', 0)
 2 SYSTEMPATH\Database\BaseConnection.php(666): CodeIgniter\Database\MySQLi\Connection->execute('INSERT INTO cr_history (`string`) VALUES ({\\"321+3\\":324});')
 3 SYSTEMPATH\Database\BaseConnection.php(593): CodeIgniter\Database\BaseConnection->simpleQuery('INSERT INTO cr_history (`string`) VALUES ({\\"321+3\\":324});')
 4 APPPATH\Models\Common_model.php(25): CodeIgniter\Database\BaseConnection->query('INSERT INTO cr_history (`string`) VALUES ({\\"321+3\\":324});')
 5 APPPATH\Controllers\Home.php(27): App\Models\Common_model->build_query('{\\"321+3\\":324}')
 6 SYSTEMPATH\CodeIgniter.php(927): App\Controllers\Home->save()
 7 SYSTEMPATH\CodeIgniter.php(482): CodeIgniter\CodeIgniter->runController(Object(App\Controllers\Home))
 8 SYSTEMPATH\CodeIgniter.php(351): CodeIgniter\CodeIgniter->handleRequest(null, Object(Config\Cache), false)
 9 FCPATH\index.php(104): CodeIgniter\CodeIgniter->run()
CRITICAL - 2022-12-15 05:58:34 --> syntax error, unexpected token ";", expecting ")"
in APPPATH\Controllers\Home.php on line 27.
 1 SYSTEMPATH\Autoloader\Autoloader.php(259): CodeIgniter\Autoloader\Autoloader->includeFile('APPPATH\\Controllers\\Home.php')
 2 SYSTEMPATH\Autoloader\Autoloader.php(237): CodeIgniter\Autoloader\Autoloader->loadInNamespace('App\\Controllers\\Home')
 3 [internal function]: CodeIgniter\Autoloader\Autoloader->loadClass('App\\Controllers\\Home')
 4 SYSTEMPATH\CodeIgniter.php(877): class_exists('\\App\\Controllers\\Home', true)
 5 SYSTEMPATH\CodeIgniter.php(469): CodeIgniter\CodeIgniter->startController()
 6 SYSTEMPATH\CodeIgniter.php(351): CodeIgniter\CodeIgniter->handleRequest(null, Object(Config\Cache), false)
 7 FCPATH\index.php(104): CodeIgniter\CodeIgniter->run()
ERROR - 2022-12-15 05:59:33 --> mysqli_sql_exception: You have an error in your SQL syntax; check the manual that corresponds to your MariaDB server version for the right syntax to use near '\"321+3\":324})' at line 1 in K:\xampp_8\htdocs\calculator\system\Database\MySQLi\Connection.php:292
Stack trace:
#0 K:\xampp_8\htdocs\calculator\system\Database\MySQLi\Connection.php(292): mysqli->query('INSERT INTO cr_...', 0)
#1 K:\xampp_8\htdocs\calculator\system\Database\BaseConnection.php(666): CodeIgniter\Database\MySQLi\Connection->execute('INSERT INTO cr_...')
#2 K:\xampp_8\htdocs\calculator\system\Database\BaseConnection.php(593): CodeIgniter\Database\BaseConnection->simpleQuery('INSERT INTO cr_...')
#3 K:\xampp_8\htdocs\calculator\app\Models\Common_model.php(25): CodeIgniter\Database\BaseConnection->query('INSERT INTO cr_...')
#4 K:\xampp_8\htdocs\calculator\app\Controllers\Home.php(28): App\Models\Common_model->build_query('{\\"321+3\\":324}')
#5 K:\xampp_8\htdocs\calculator\system\CodeIgniter.php(927): App\Controllers\Home->save()
#6 K:\xampp_8\htdocs\calculator\system\CodeIgniter.php(482): CodeIgniter\CodeIgniter->runController(Object(App\Controllers\Home))
#7 K:\xampp_8\htdocs\calculator\system\CodeIgniter.php(351): CodeIgniter\CodeIgniter->handleRequest(NULL, Object(Config\Cache), false)
#8 K:\xampp_8\htdocs\calculator\index.php(104): CodeIgniter\CodeIgniter->run()
#9 {main}
CRITICAL - 2022-12-15 05:59:33 --> You have an error in your SQL syntax; check the manual that corresponds to your MariaDB server version for the right syntax to use near '\"321+3\":324})' at line 1
in SYSTEMPATH\Database\MySQLi\Connection.php on line 292.
 1 SYSTEMPATH\Database\MySQLi\Connection.php(292): mysqli->query('INSERT INTO cr_history (`string`) VALUES ({\\"321+3\\":324});', 0)
 2 SYSTEMPATH\Database\BaseConnection.php(666): CodeIgniter\Database\MySQLi\Connection->execute('INSERT INTO cr_history (`string`) VALUES ({\\"321+3\\":324});')
 3 SYSTEMPATH\Database\BaseConnection.php(593): CodeIgniter\Database\BaseConnection->simpleQuery('INSERT INTO cr_history (`string`) VALUES ({\\"321+3\\":324});')
 4 APPPATH\Models\Common_model.php(25): CodeIgniter\Database\BaseConnection->query('INSERT INTO cr_history (`string`) VALUES ({\\"321+3\\":324});')
 5 APPPATH\Controllers\Home.php(28): App\Models\Common_model->build_query('{\\"321+3\\":324}')
 6 SYSTEMPATH\CodeIgniter.php(927): App\Controllers\Home->save()
 7 SYSTEMPATH\CodeIgniter.php(482): CodeIgniter\CodeIgniter->runController(Object(App\Controllers\Home))
 8 SYSTEMPATH\CodeIgniter.php(351): CodeIgniter\CodeIgniter->handleRequest(null, Object(Config\Cache), false)
 9 FCPATH\index.php(104): CodeIgniter\CodeIgniter->run()
ERROR - 2022-12-15 06:00:13 --> mysqli_sql_exception: You have an error in your SQL syntax; check the manual that corresponds to your MariaDB server version for the right syntax to use near '\"321+3\":324})' at line 1 in K:\xampp_8\htdocs\calculator\system\Database\MySQLi\Connection.php:292
Stack trace:
#0 K:\xampp_8\htdocs\calculator\system\Database\MySQLi\Connection.php(292): mysqli->query('INSERT INTO cr_...', 0)
#1 K:\xampp_8\htdocs\calculator\system\Database\BaseConnection.php(666): CodeIgniter\Database\MySQLi\Connection->execute('INSERT INTO cr_...')
#2 K:\xampp_8\htdocs\calculator\system\Database\BaseConnection.php(593): CodeIgniter\Database\BaseConnection->simpleQuery('INSERT INTO cr_...')
#3 K:\xampp_8\htdocs\calculator\app\Models\Common_model.php(25): CodeIgniter\Database\BaseConnection->query('INSERT INTO cr_...')
#4 K:\xampp_8\htdocs\calculator\app\Controllers\Home.php(28): App\Models\Common_model->build_query('{\\"321+3\\":324}')
#5 K:\xampp_8\htdocs\calculator\system\CodeIgniter.php(927): App\Controllers\Home->save()
#6 K:\xampp_8\htdocs\calculator\system\CodeIgniter.php(482): CodeIgniter\CodeIgniter->runController(Object(App\Controllers\Home))
#7 K:\xampp_8\htdocs\calculator\system\CodeIgniter.php(351): CodeIgniter\CodeIgniter->handleRequest(NULL, Object(Config\Cache), false)
#8 K:\xampp_8\htdocs\calculator\index.php(104): CodeIgniter\CodeIgniter->run()
#9 {main}
CRITICAL - 2022-12-15 06:00:13 --> You have an error in your SQL syntax; check the manual that corresponds to your MariaDB server version for the right syntax to use near '\"321+3\":324})' at line 1
in SYSTEMPATH\Database\MySQLi\Connection.php on line 292.
 1 SYSTEMPATH\Database\MySQLi\Connection.php(292): mysqli->query('INSERT INTO cr_history (`string`) VALUES ({\\"321+3\\":324});', 0)
 2 SYSTEMPATH\Database\BaseConnection.php(666): CodeIgniter\Database\MySQLi\Connection->execute('INSERT INTO cr_history (`string`) VALUES ({\\"321+3\\":324});')
 3 SYSTEMPATH\Database\BaseConnection.php(593): CodeIgniter\Database\BaseConnection->simpleQuery('INSERT INTO cr_history (`string`) VALUES ({\\"321+3\\":324});')
 4 APPPATH\Models\Common_model.php(25): CodeIgniter\Database\BaseConnection->query('INSERT INTO cr_history (`string`) VALUES ({\\"321+3\\":324});')
 5 APPPATH\Controllers\Home.php(28): App\Models\Common_model->build_query('{\\"321+3\\":324}')
 6 SYSTEMPATH\CodeIgniter.php(927): App\Controllers\Home->save()
 7 SYSTEMPATH\CodeIgniter.php(482): CodeIgniter\CodeIgniter->runController(Object(App\Controllers\Home))
 8 SYSTEMPATH\CodeIgniter.php(351): CodeIgniter\CodeIgniter->handleRequest(null, Object(Config\Cache), false)
 9 FCPATH\index.php(104): CodeIgniter\CodeIgniter->run()
ERROR - 2022-12-15 06:00:31 --> mysqli_sql_exception: You have an error in your SQL syntax; check the manual that corresponds to your MariaDB server version for the right syntax to use near '"321+3":324})' at line 1 in K:\xampp_8\htdocs\calculator\system\Database\MySQLi\Connection.php:292
Stack trace:
#0 K:\xampp_8\htdocs\calculator\system\Database\MySQLi\Connection.php(292): mysqli->query('INSERT INTO cr_...', 0)
#1 K:\xampp_8\htdocs\calculator\system\Database\BaseConnection.php(666): CodeIgniter\Database\MySQLi\Connection->execute('INSERT INTO cr_...')
#2 K:\xampp_8\htdocs\calculator\system\Database\BaseConnection.php(593): CodeIgniter\Database\BaseConnection->simpleQuery('INSERT INTO cr_...')
#3 K:\xampp_8\htdocs\calculator\app\Models\Common_model.php(25): CodeIgniter\Database\BaseConnection->query('INSERT INTO cr_...')
#4 K:\xampp_8\htdocs\calculator\app\Controllers\Home.php(28): App\Models\Common_model->build_query('{"321+3":324}')
#5 K:\xampp_8\htdocs\calculator\system\CodeIgniter.php(927): App\Controllers\Home->save()
#6 K:\xampp_8\htdocs\calculator\system\CodeIgniter.php(482): CodeIgniter\CodeIgniter->runController(Object(App\Controllers\Home))
#7 K:\xampp_8\htdocs\calculator\system\CodeIgniter.php(351): CodeIgniter\CodeIgniter->handleRequest(NULL, Object(Config\Cache), false)
#8 K:\xampp_8\htdocs\calculator\index.php(104): CodeIgniter\CodeIgniter->run()
#9 {main}
CRITICAL - 2022-12-15 06:00:31 --> You have an error in your SQL syntax; check the manual that corresponds to your MariaDB server version for the right syntax to use near '"321+3":324})' at line 1
in SYSTEMPATH\Database\MySQLi\Connection.php on line 292.
 1 SYSTEMPATH\Database\MySQLi\Connection.php(292): mysqli->query('INSERT INTO cr_history (`string`) VALUES ({"321+3":324});', 0)
 2 SYSTEMPATH\Database\BaseConnection.php(666): CodeIgniter\Database\MySQLi\Connection->execute('INSERT INTO cr_history (`string`) VALUES ({"321+3":324});')
 3 SYSTEMPATH\Database\BaseConnection.php(593): CodeIgniter\Database\BaseConnection->simpleQuery('INSERT INTO cr_history (`string`) VALUES ({"321+3":324});')
 4 APPPATH\Models\Common_model.php(25): CodeIgniter\Database\BaseConnection->query('INSERT INTO cr_history (`string`) VALUES ({"321+3":324});')
 5 APPPATH\Controllers\Home.php(28): App\Models\Common_model->build_query('{"321+3":324}')
 6 SYSTEMPATH\CodeIgniter.php(927): App\Controllers\Home->save()
 7 SYSTEMPATH\CodeIgniter.php(482): CodeIgniter\CodeIgniter->runController(Object(App\Controllers\Home))
 8 SYSTEMPATH\CodeIgniter.php(351): CodeIgniter\CodeIgniter->handleRequest(null, Object(Config\Cache), false)
 9 FCPATH\index.php(104): CodeIgniter\CodeIgniter->run()
ERROR - 2022-12-15 06:01:29 --> mysqli_sql_exception: Duplicate entry '0' for key 'PRIMARY' in K:\xampp_8\htdocs\calculator\system\Database\MySQLi\Connection.php:292
Stack trace:
#0 K:\xampp_8\htdocs\calculator\system\Database\MySQLi\Connection.php(292): mysqli->query('INSERT INTO cr_...', 0)
#1 K:\xampp_8\htdocs\calculator\system\Database\BaseConnection.php(666): CodeIgniter\Database\MySQLi\Connection->execute('INSERT INTO cr_...')
#2 K:\xampp_8\htdocs\calculator\system\Database\BaseConnection.php(593): CodeIgniter\Database\BaseConnection->simpleQuery('INSERT INTO cr_...')
#3 K:\xampp_8\htdocs\calculator\app\Models\Common_model.php(25): CodeIgniter\Database\BaseConnection->query('INSERT INTO cr_...')
#4 K:\xampp_8\htdocs\calculator\app\Controllers\Home.php(28): App\Models\Common_model->build_query('{"321+3":324}')
#5 K:\xampp_8\htdocs\calculator\system\CodeIgniter.php(927): App\Controllers\Home->save()
#6 K:\xampp_8\htdocs\calculator\system\CodeIgniter.php(482): CodeIgniter\CodeIgniter->runController(Object(App\Controllers\Home))
#7 K:\xampp_8\htdocs\calculator\system\CodeIgniter.php(351): CodeIgniter\CodeIgniter->handleRequest(NULL, Object(Config\Cache), false)
#8 K:\xampp_8\htdocs\calculator\index.php(104): CodeIgniter\CodeIgniter->run()
#9 {main}
CRITICAL - 2022-12-15 06:01:29 --> Duplicate entry '0' for key 'PRIMARY'
in SYSTEMPATH\Database\MySQLi\Connection.php on line 292.
 1 SYSTEMPATH\Database\MySQLi\Connection.php(292): mysqli->query('INSERT INTO cr_history (`string`) VALUES (\'{"321+3":324}\');', 0)
 2 SYSTEMPATH\Database\BaseConnection.php(666): CodeIgniter\Database\MySQLi\Connection->execute('INSERT INTO cr_history (`string`) VALUES (\'{"321+3":324}\');')
 3 SYSTEMPATH\Database\BaseConnection.php(593): CodeIgniter\Database\BaseConnection->simpleQuery('INSERT INTO cr_history (`string`) VALUES (\'{"321+3":324}\');')
 4 APPPATH\Models\Common_model.php(25): CodeIgniter\Database\BaseConnection->query('INSERT INTO cr_history (`string`) VALUES (\'{"321+3":324}\');')
 5 APPPATH\Controllers\Home.php(28): App\Models\Common_model->build_query('{"321+3":324}')
 6 SYSTEMPATH\CodeIgniter.php(927): App\Controllers\Home->save()
 7 SYSTEMPATH\CodeIgniter.php(482): CodeIgniter\CodeIgniter->runController(Object(App\Controllers\Home))
 8 SYSTEMPATH\CodeIgniter.php(351): CodeIgniter\CodeIgniter->handleRequest(null, Object(Config\Cache), false)
 9 FCPATH\index.php(104): CodeIgniter\CodeIgniter->run()
CRITICAL - 2022-12-15 06:21:23 --> syntax error, unexpected token ";"
in APPPATH\Controllers\Home.php(24) : eval()'d code on line 1.
 1 SYSTEMPATH\CodeIgniter.php(927): App\Controllers\Home->save()
 2 SYSTEMPATH\CodeIgniter.php(482): CodeIgniter\CodeIgniter->runController(Object(App\Controllers\Home))
 3 SYSTEMPATH\CodeIgniter.php(351): CodeIgniter\CodeIgniter->handleRequest(null, Object(Config\Cache), false)
 4 FCPATH\index.php(104): CodeIgniter\CodeIgniter->run()
CRITICAL - 2022-12-15 06:21:51 --> syntax error, unexpected token ";"
in APPPATH\Controllers\Home.php(24) : eval()'d code on line 1.
 1 SYSTEMPATH\CodeIgniter.php(927): App\Controllers\Home->save()
 2 SYSTEMPATH\CodeIgniter.php(482): CodeIgniter\CodeIgniter->runController(Object(App\Controllers\Home))
 3 SYSTEMPATH\CodeIgniter.php(351): CodeIgniter\CodeIgniter->handleRequest(null, Object(Config\Cache), false)
 4 FCPATH\index.php(104): CodeIgniter\CodeIgniter->run()
CRITICAL - 2022-12-15 06:30:03 --> Undefined variable $equation
in APPPATH\Controllers\Home.php on line 31.
 1 APPPATH\Controllers\Home.php(31): CodeIgniter\Debug\Exceptions->errorHandler(2, 'Undefined variable $equation', 'APPPATH\\Controllers\\Home.php', 31)
 2 SYSTEMPATH\CodeIgniter.php(927): App\Controllers\Home->get()
 3 SYSTEMPATH\CodeIgniter.php(482): CodeIgniter\CodeIgniter->runController(Object(App\Controllers\Home))
 4 SYSTEMPATH\CodeIgniter.php(351): CodeIgniter\CodeIgniter->handleRequest(null, Object(Config\Cache), false)
 5 FCPATH\index.php(104): CodeIgniter\CodeIgniter->run()
CRITICAL - 2022-12-15 07:15:46 --> Call to a member function getResult() on bool
in APPPATH\Models\Common_model.php on line 34.
 1 APPPATH\Models\Common_model.php(58): App\Models\Common_model->runQuery('update cr_history set is_delete = 1 where id = 51;')
 2 APPPATH\Controllers\Home.php(37): App\Models\Common_model->delete_query('51')
 3 SYSTEMPATH\CodeIgniter.php(927): App\Controllers\Home->delete_history()
 4 SYSTEMPATH\CodeIgniter.php(482): CodeIgniter\CodeIgniter->runController(Object(App\Controllers\Home))
 5 SYSTEMPATH\CodeIgniter.php(351): CodeIgniter\CodeIgniter->handleRequest(null, Object(Config\Cache), false)
 6 FCPATH\index.php(104): CodeIgniter\CodeIgniter->run()
CRITICAL - 2022-12-15 07:17:33 --> syntax error, unexpected identifier "÷", expecting ";"
in APPPATH\Controllers\Home.php(24) : eval()'d code on line 1.
 1 SYSTEMPATH\CodeIgniter.php(927): App\Controllers\Home->save()
 2 SYSTEMPATH\CodeIgniter.php(482): CodeIgniter\CodeIgniter->runController(Object(App\Controllers\Home))
 3 SYSTEMPATH\CodeIgniter.php(351): CodeIgniter\CodeIgniter->handleRequest(null, Object(Config\Cache), false)
 4 FCPATH\index.php(104): CodeIgniter\CodeIgniter->run()
CRITICAL - 2022-12-15 07:18:03 --> syntax error, unexpected identifier "÷", expecting ";"
in APPPATH\Controllers\Home.php(24) : eval()'d code on line 1.
 1 SYSTEMPATH\CodeIgniter.php(927): App\Controllers\Home->save()
 2 SYSTEMPATH\CodeIgniter.php(482): CodeIgniter\CodeIgniter->runController(Object(App\Controllers\Home))
 3 SYSTEMPATH\CodeIgniter.php(351): CodeIgniter\CodeIgniter->handleRequest(null, Object(Config\Cache), false)
 4 FCPATH\index.php(104): CodeIgniter\CodeIgniter->run()
CRITICAL - 2022-12-15 07:18:23 --> syntax error, unexpected identifier "÷", expecting ";"
in APPPATH\Controllers\Home.php(24) : eval()'d code on line 1.
 1 SYSTEMPATH\CodeIgniter.php(927): App\Controllers\Home->save()
 2 SYSTEMPATH\CodeIgniter.php(482): CodeIgniter\CodeIgniter->runController(Object(App\Controllers\Home))
 3 SYSTEMPATH\CodeIgniter.php(351): CodeIgniter\CodeIgniter->handleRequest(null, Object(Config\Cache), false)
 4 FCPATH\index.php(104): CodeIgniter\CodeIgniter->run()
CRITICAL - 2022-12-15 07:19:12 --> syntax error, unexpected identifier "÷3", expecting ";"
in APPPATH\Controllers\Home.php(24) : eval()'d code on line 1.
 1 SYSTEMPATH\CodeIgniter.php(927): App\Controllers\Home->save()
 2 SYSTEMPATH\CodeIgniter.php(482): CodeIgniter\CodeIgniter->runController(Object(App\Controllers\Home))
 3 SYSTEMPATH\CodeIgniter.php(351): CodeIgniter\CodeIgniter->handleRequest(null, Object(Config\Cache), false)
 4 FCPATH\index.php(104): CodeIgniter\CodeIgniter->run()
CRITICAL - 2022-12-15 07:19:28 --> syntax error, unexpected identifier "÷3", expecting ";"
in APPPATH\Controllers\Home.php(25) : eval()'d code on line 1.
 1 SYSTEMPATH\CodeIgniter.php(927): App\Controllers\Home->save()
 2 SYSTEMPATH\CodeIgniter.php(482): CodeIgniter\CodeIgniter->runController(Object(App\Controllers\Home))
 3 SYSTEMPATH\CodeIgniter.php(351): CodeIgniter\CodeIgniter->handleRequest(null, Object(Config\Cache), false)
 4 FCPATH\index.php(104): CodeIgniter\CodeIgniter->run()
